Determining if the include file in6addr.h exists failed with the following output:
Change Dir: /home/wenzong/software/libwebsockets-1.3-chrome37-firefox30/build/CMakeFiles/CMakeTmp

Run Build Command:/usr/bin/gmake "cmTryCompileExec3021647039/fast"
/usr/bin/gmake -f CMakeFiles/cmTryCompileExec3021647039.dir/build.make CMakeFiles/cmTryCompileExec3021647039.dir/build
gmake[1]: Entering directory `/home/wenzong/software/libwebsockets-1.3-chrome37-firefox30/build/CMakeFiles/CMakeTmp'
/usr/bin/cmake -E cmake_progress_report /home/wenzong/software/libwebsockets-1.3-chrome37-firefox30/build/CMakeFiles/CMakeTmp/CMakeFiles 1
Building C object CMakeFiles/cmTryCompileExec3021647039.dir/CheckIncludeFile.c.o
/usr/bin/cc  -DKEYWORD=__inline  -o CMakeFiles/cmTryCompileExec3021647039.dir/CheckIncludeFile.c.o   -c /home/wenzong/software/libwebsockets-1.3-chrome37-firefox30/build/CMakeFiles/CMakeTmp/CheckIncludeFile.c
/home/wenzong/software/libwebsockets-1.3-chrome37-firefox30/build/CMakeFiles/CMakeTmp/CheckIncludeFile.c:1:21: fatal error: in6addr.h: No such file or directory
 #include <in6addr.h>
                     ^
compilation terminated.
gmake[1]: *** [CMakeFiles/cmTryCompileExec3021647039.dir/CheckIncludeFile.c.o] Error 1
gmake[1]: Leaving directory `/home/wenzong/software/libwebsockets-1.3-chrome37-firefox30/build/CMakeFiles/CMakeTmp'
gmake: *** [cmTryCompileExec3021647039/fast] Error 2


Determining if the include file vfork.h exists failed with the following output:
Change Dir: /home/wenzong/software/libwebsockets-1.3-chrome37-firefox30/build/CMakeFiles/CMakeTmp

Run Build Command:/usr/bin/gmake "cmTryCompileExec2855611385/fast"
/usr/bin/gmake -f CMakeFiles/cmTryCompileExec2855611385.dir/build.make CMakeFiles/cmTryCompileExec2855611385.dir/build
gmake[1]: Entering directory `/home/wenzong/software/libwebsockets-1.3-chrome37-firefox30/build/CMakeFiles/CMakeTmp'
/usr/bin/cmake -E cmake_progress_report /home/wenzong/software/libwebsockets-1.3-chrome37-firefox30/build/CMakeFiles/CMakeTmp/CMakeFiles 1
Building C object CMakeFiles/cmTryCompileExec2855611385.dir/CheckIncludeFile.c.o
/usr/bin/cc  -DKEYWORD=__inline  -o CMakeFiles/cmTryCompileExec2855611385.dir/CheckIncludeFile.c.o   -c /home/wenzong/software/libwebsockets-1.3-chrome37-firefox30/build/CMakeFiles/CMakeTmp/CheckIncludeFile.c
/home/wenzong/software/libwebsockets-1.3-chrome37-firefox30/build/CMakeFiles/CMakeTmp/CheckIncludeFile.c:1:19: fatal error: vfork.h: No such file or directory
 #include <vfork.h>
                   ^
compilation terminated.
gmake[1]: *** [CMakeFiles/cmTryCompileExec2855611385.dir/CheckIncludeFile.c.o] Error 1
gmake[1]: Leaving directory `/home/wenzong/software/libwebsockets-1.3-chrome37-firefox30/build/CMakeFiles/CMakeTmp'
gmake: *** [cmTryCompileExec2855611385/fast] Error 2


